[INFO  - 2017-12-30T16:32:43.099Z] GhostDriver - Main - running on port 49246
[INFO  - 2017-12-30T16:32:43.398Z] Session [0f738d30-ed7f-11e7-b81f-3ba31b990d7c] - page.settings - {"XSSAuditingEnabled":false,"javascriptCanCloseWindows":true,"javascriptCanOpenWindows":true,"javascriptEnabled":true,"loadImages":true,"localToRemoteUrlAccessEnabled":false,"userAgent":"Mozilla/5.0 (Macintosh; Intel Mac OS X) AppleWebKit/538.1 (KHTML, like Gecko) PhantomJS/2.1.1 Safari/538.1","webSecurityEnabled":true}
[INFO  - 2017-12-30T16:32:43.398Z] Session [0f738d30-ed7f-11e7-b81f-3ba31b990d7c] - page.customHeaders:  - {}
[INFO  - 2017-12-30T16:32:43.398Z] Session [0f738d30-ed7f-11e7-b81f-3ba31b990d7c] - Session.negotiatedCapabilities - {"browserName":"phantomjs","version":"2.1.1","driverName":"ghostdriver","driverVersion":"1.2.0","platform":"mac-unknown-64bit","javascriptEnabled":true,"takesScreenshot":true,"handlesAlerts":false,"databaseEnabled":false,"locationContextEnabled":false,"applicationCacheEnabled":false,"browserConnectionEnabled":false,"cssSelectorsEnabled":true,"webStorageEnabled":false,"rotatable":false,"acceptSslCerts":false,"nativeEvents":true,"proxy":{"proxyType":"direct"}}
[INFO  - 2017-12-30T16:32:43.398Z] SessionManagerReqHand - _postNewSessionCommand - New Session Created: 0f738d30-ed7f-11e7-b81f-3ba31b990d7c
[INFO  - 2017-12-30T16:37:46.634Z] SessionManagerReqHand - _cleanupWindowlessSessions - Asynchronous Sessions clean-up phase starting NOW
[INFO  - 2017-12-30T16:42:46.902Z] SessionManagerReqHand - _cleanupWindowlessSessions - Asynchronous Sessions clean-up phase starting NOW
[INFO  - 2017-12-30T16:47:46.909Z] SessionManagerReqHand - _cleanupWindowlessSessions - Asynchronous Sessions clean-up phase starting NOW
[INFO  - 2017-12-30T16:52:48.780Z] SessionManagerReqHand - _cleanupWindowlessSessions - Asynchronous Sessions clean-up phase starting NOW
[INFO  - 2017-12-30T16:57:48.875Z] SessionManagerReqHand - _cleanupWindowlessSessions - Asynchronous Sessions clean-up phase starting NOW
[INFO  - 2017-12-30T17:02:49.504Z] SessionManagerReqHand - _cleanupWindowlessSessions - Asynchronous Sessions clean-up phase starting NOW
[INFO  - 2017-12-30T17:07:56.474Z] SessionManagerReqHand - _cleanupWindowlessSessions - Asynchronous Sessions clean-up phase starting NOW
[INFO  - 2017-12-30T17:12:57.779Z] SessionManagerReqHand - _cleanupWindowlessSessions - Asynchronous Sessions clean-up phase starting NOW
[ERROR - 2017-12-30T17:13:42.442Z] Session [0f738d30-ed7f-11e7-b81f-3ba31b990d7c] - page.onError - msg: TypeError: null is not an object (evaluating 'result.d')

  phantomjs://platform/console++.js:263 in error
[ERROR - 2017-12-30T17:13:42.442Z] Session [0f738d30-ed7f-11e7-b81f-3ba31b990d7c] - page.onError - stack:
  f_getJobCard_Succeeded (http://www1.jobs.gov.hk/1/0/Javascript/Jobseeker/enquiry/jobcard_20171109.js:77)
  b (http://www1.jobs.gov.hk/1/0/Library/Javascript/jquery-1.4.2.min.js:124)
  onreadystatechange (http://www1.jobs.gov.hk/1/0/Library/Javascript/jquery-1.4.2.min.js:129)
  send (:0)
  ajax (http://www1.jobs.gov.hk/1/0/Library/Javascript/jquery-1.4.2.min.js:130)
  f_getJobCard (http://www1.jobs.gov.hk/1/0/Javascript/Jobseeker/enquiry/jobcard_20171109.js:46)
  onclick (http://www1.jobs.gov.hk/1/0/WebForm/jobseeker/jobsearch/quickview.aspx?SearchFor=simple&ID=&SortBy=&from=&start=2000:1016)
  dispatchEvent (:0)
  U (:119)
  $ (:108)
  $ (:101)
  gh (:141)
  sh (:152)
  (anonymous function) (:152)
  (anonymous function) (:152)
  (anonymous function) (:153)

  phantomjs://platform/console++.js:263 in error
[ERROR - 2017-12-30T17:14:12.442Z] Session [0f738d30-ed7f-11e7-b81f-3ba31b990d7c] - page.onError - msg: TypeError: null is not an object (evaluating 'result.d')

  phantomjs://platform/console++.js:263 in error
[ERROR - 2017-12-30T17:14:12.442Z] Session [0f738d30-ed7f-11e7-b81f-3ba31b990d7c] - page.onError - stack:
  f_getJobCard_Succeeded (http://www1.jobs.gov.hk/1/0/Javascript/Jobseeker/enquiry/jobcard_20171109.js:77)
  b (http://www1.jobs.gov.hk/1/0/Library/Javascript/jquery-1.4.2.min.js:124)
  onreadystatechange (http://www1.jobs.gov.hk/1/0/Library/Javascript/jquery-1.4.2.min.js:129)
  send (:0)
  ajax (http://www1.jobs.gov.hk/1/0/Library/Javascript/jquery-1.4.2.min.js:130)
  f_getJobCard (http://www1.jobs.gov.hk/1/0/Javascript/Jobseeker/enquiry/jobcard_20171109.js:46)
  onclick (http://www1.jobs.gov.hk/1/0/WebForm/jobseeker/jobsearch/quickview.aspx?SearchFor=simple&ID=&SortBy=&from=&start=2000:1037)
  dispatchEvent (:0)
  U (:119)
  $ (:108)
  $ (:101)
  gh (:141)
  sh (:152)
  (anonymous function) (:152)
  (anonymous function) (:152)
  (anonymous function) (:153)

  phantomjs://platform/console++.js:263 in error
[INFO  - 2017-12-30T17:17:57.791Z] SessionManagerReqHand - _cleanupWindowlessSessions - Asynchronous Sessions clean-up phase starting NOW
[INFO  - 2017-12-30T17:22:57.792Z] SessionManagerReqHand - _cleanupWindowlessSessions - Asynchronous Sessions clean-up phase starting NOW
[INFO  - 2017-12-30T17:27:57.792Z] SessionManagerReqHand - _cleanupWindowlessSessions - Asynchronous Sessions clean-up phase starting NOW
[INFO  - 2017-12-30T17:32:57.793Z] SessionManagerReqHand - _cleanupWindowlessSessions - Asynchronous Sessions clean-up phase starting NOW
[INFO  - 2017-12-30T17:37:57.793Z] SessionManagerReqHand - _cleanupWindowlessSessions - Asynchronous Sessions clean-up phase starting NOW
[INFO  - 2017-12-30T17:42:57.794Z] SessionManagerReqHand - _cleanupWindowlessSessions - Asynchronous Sessions clean-up phase starting NOW
[INFO  - 2017-12-30T17:47:57.796Z] SessionManagerReqHand - _cleanupWindowlessSessions - Asynchronous Sessions clean-up phase starting NOW
events.js:136
      throw er; // Unhandled 'error' event
      ^

Error: read EIO
    at _errnoException (util.js:999:13)
    at TTY.onread (net.js:629:25)
